#
# There is insufficient memory for the Java Runtime Environment to continue.
# Native memory allocation (mmap) failed to map 268435456 bytes. Error detail: G1 virtual space
# Possible reasons:
#   The system is out of physical RAM or swap space
#   This process is running with CompressedOops enabled, and the Java Heap may be blocking the growth of the native heap
# Possible solutions:
#   Reduce memory load on the system
#   Increase physical memory or swap space
#   Check if swap backing store is full
#   Decrease Java heap size (-Xmx/-Xms)
#   Decrease number of Java threads
#   Decrease Java thread stack sizes (-Xss)
#   Set larger code cache with -XX:ReservedCodeCacheSize=
#   JVM is running with Zero Based Compressed Oops mode in which the Java heap is
#     placed in the first 32GB address space. The Java Heap base address is the
#     maximum limit for the native heap growth. Please use -XX:HeapBaseMinAddress
#     to set the Java Heap base and to place the Java Heap above 32GB virtual address.
# This output file may be truncated or incomplete.
#
#  Out of Memory Error (os_windows.cpp:3631), pid=6384, tid=23956
#
# JRE version:  (22.0.1+8) (build )
# Java VM: Java HotSpot(TM) 64-Bit Server VM (22.0.1+8-16, mixed mode, sharing, tiered, compressed oops, compressed class ptrs, g1 gc, windows-amd64)
# No core dump will be written. Minidumps are not enabled by default on client versions of Windows
#

---------------  S U M M A R Y ------------

Command Line: -Dnet.bytebuddy.agent.attacher.dump= net.bytebuddy.agent.Attacher com.sun.tools.attach.VirtualMachine 23772 C:\Users\cool_\.m2\repository\net\bytebuddy\byte-buddy-agent\1.14.16\byte-buddy-agent-1.14.16.jar false 

Host: Intel(R) Core(TM) i7-8700K CPU @ 3.70GHz, 12 cores, 15G,  Windows 10 , 64 bit Build 19041 (10.0.19041.3636)
Time: Sun Jun 16 16:53:33 2024 Eastern Daylight Time elapsed time: 0.014070 seconds (0d 0h 0m 0s)

---------------  T H R E A D  ---------------

Current thread (0x000001949fd42360):  JavaThread "Unknown thread" [_thread_in_vm, id=23956, stack(0x000000294e100000,0x000000294e200000) (1024K)]

Stack: [0x000000294e100000,0x000000294e200000]
Native frames: (J=compiled Java code, j=interpreted, Vv=VM code, C=native code)
V  [jvm.dll+0x6e2279]  (no source info available)
V  [jvm.dll+0x874e33]  (no source info available)
V  [jvm.dll+0x87725e]  (no source info available)
V  [jvm.dll+0x877933]  (no source info available)
V  [jvm.dll+0x27fd76]  (no source info available)
V  [jvm.dll+0x6de915]  (no source info available)
V  [jvm.dll+0x6d341a]  (no source info available)
V  [jvm.dll+0x3589da]  (no source info available)
V  [jvm.dll+0x360f06]  (no source info available)
V  [jvm.dll+0x3b3e2e]  (no source info available)
V  [jvm.dll+0x3b40d8]  (no source info available)
V  [jvm.dll+0x32c59c]  (no source info available)
V  [jvm.dll+0x32d158]  (no source info available)
V  [jvm.dll+0x83ccdc]  (no source info available)
V  [jvm.dll+0x3c0d71]  (no source info available)
V  [jvm.dll+0x825ccc]  (no source info available)
V  [jvm.dll+0x45b8fe]  (no source info available)
V  [jvm.dll+0x45d781]  (no source info available)
C  [jli.dll+0x52a3]  (no source info available)
C  [ucrtbase.dll+0x21bb2]  (no source info available)
C  [KERNEL32.DLL+0x17344]  (no source info available)
C  [ntdll.dll+0x4cc91]  (no source info available)


---------------  P R O C E S S  ---------------

Threads class SMR info:
_java_thread_list=0x00007ffcf0bbb1c8, length=0, elements={
}

Java Threads: ( => current thread )
Total: 0

Other Threads:
  0x00000194a2088a60 WorkerThread "GC Thread#0"                     [id=29156, stack(0x000000294e200000,0x000000294e300000) (1024K)]
  0x00000194a209a8f0 ConcurrentGCThread "G1 Main Marker"            [id=4804, stack(0x000000294e300000,0x000000294e400000) (1024K)]
  0x00000194a209b310 WorkerThread "G1 Conc#0"                       [id=14560, stack(0x000000294e400000,0x000000294e500000) (1024K)]

[error occurred during error reporting (printing all threads), id 0xc0000005, EXCEPTION_ACCESS_VIOLATION (0xc0000005) at pc=0x00007ffcf030f367]
VM state: not at safepoint (not fully initialized)

VM Mutex/Monitor currently owned by a thread:  ([mutex/lock_event])
[0x00007ffcf0c3bcb8] Heap_lock - owner thread: 0x000001949fd42360

Heap address: 0x0000000700800000, size: 4088 MB, Compressed Oops mode: Zero based, Oop shift amount: 3

CDS archive(s) mapped at: [0x0000000000000000-0x0000000000000000-0x0000000000000000), size 0, SharedBaseAddress: 0x0000000800000000, ArchiveRelocationMode: 1.
Narrow klass base: 0x0000000000000000, Narrow klass shift: 0, Narrow klass range: 0x0

GC Precious Log:
 CardTable entry size: 512
 Card Set container configuration: InlinePtr #cards 4 size 8 Array Of Cards #cards 16 size 48 Howl #buckets 8 coarsen threshold 3686 Howl Bitmap #cards 512 size 80 coarsen threshold 460 Card regions per heap region 1 cards per card region 4096

Heap:
 garbage-first heap   total reserved 4186112K, committed 0K, used 0K [0x0000000700800000, 0x0000000800000000)
  region size 2048K, 0 young (0K), 0 survivors (0K)

[error occurred during error reporting (printing heap information), id 0xc0000005, EXCEPTION_ACCESS_VIOLATION (0xc0000005) at pc=0x00007ffcf070e429]
GC Heap History (0 events):
No events

Dll operation events (1 events):
Event: 0.009 Loaded shared library C:\Program Files\Java\jdk-22\bin\java.dll

Deoptimization events (0 events):
No events

Classes loaded (0 events):
No events

Classes unloaded (0 events):
No events

Classes redefined (0 events):
No events

Internal exceptions (0 events):
No events

ZGC Phase Switch (0 events):
No events

VM Operations (0 events):
No events

Events (0 events):
No events


Dynamic libraries:
0x00007ff66e2a0000 - 0x00007ff66e2b0000 	C:\Program Files\Java\jdk-22\bin\java.exe
0x00007ffd3f7f0000 - 0x00007ffd3f9e8000 	C:\WINDOWS\SYSTEM32\ntdll.dll
0x00007ffd3ebb0000 - 0x00007ffd3ec6d000 	C:\WINDOWS\System32\KERNEL32.DLL
0x00007ffd3d0a0000 - 0x00007ffd3d396000 	C:\WINDOWS\System32\KERNELBASE.dll
0x00007ffd3d4b0000 - 0x00007ffd3d5b0000 	C:\WINDOWS\System32\ucrtbase.dll
0x00007ffd33220000 - 0x00007ffd33237000 	C:\Program Files\Java\jdk-22\bin\jli.dll
0x00007ffd37ad0000 - 0x00007ffd37aeb000 	C:\Program Files\Java\jdk-22\bin\VCRUNTIME140.dll
0x00007ffd3eea0000 - 0x00007ffd3ef50000 	C:\WINDOWS\System32\ADVAPI32.dll
0x00007ffd3e5d0000 - 0x00007ffd3e66e000 	C:\WINDOWS\System32\msvcrt.dll
0x00007ffd3f520000 - 0x00007ffd3f5c0000 	C:\WINDOWS\System32\sechost.dll
0x00007ffd3da90000 - 0x00007ffd3dbb3000 	C:\WINDOWS\System32\RPCRT4.dll
0x00007ffd3cf20000 - 0x00007ffd3cf47000 	C:\WINDOWS\System32\bcrypt.dll
0x00007ffd3ed00000 - 0x00007ffd3ee9f000 	C:\WINDOWS\System32\USER32.dll
0x00007ffd26100000 - 0x00007ffd2639a000 	C:\WINDOWS\WinSxS\amd64_microsoft.windows.common-controls_6595b64144ccf1df_6.0.19041.4355_none_60b8b9eb71f62e16\COMCTL32.dll
0x00007ffd3d430000 - 0x00007ffd3d452000 	C:\WINDOWS\System32\win32u.dll
0x00007ffd3f3d0000 - 0x00007ffd3f3fb000 	C:\WINDOWS\System32\GDI32.dll
0x00007ffd3d5b0000 - 0x00007ffd3d6c7000 	C:\WINDOWS\System32\gdi32full.dll
0x00007ffd3d000000 - 0x00007ffd3d09d000 	C:\WINDOWS\System32\msvcp_win.dll
0x00007ffd35950000 - 0x00007ffd3595a000 	C:\WINDOWS\SYSTEM32\VERSION.dll
0x00007ffd3dca0000 - 0x00007ffd3dccf000 	C:\WINDOWS\System32\IMM32.DLL
0x00007ffd37c70000 - 0x00007ffd37c7c000 	C:\Program Files\Java\jdk-22\bin\vcruntime140_1.dll
0x00007ffd15a90000 - 0x00007ffd15b1e000 	C:\Program Files\Java\jdk-22\bin\msvcp140.dll
0x00007ffceffd0000 - 0x00007ffcf0d17000 	C:\Program Files\Java\jdk-22\bin\server\jvm.dll
0x00007ffd3f4b0000 - 0x00007ffd3f51b000 	C:\WINDOWS\System32\WS2_32.dll
0x00007ffd3c3f0000 - 0x00007ffd3c43b000 	C:\WINDOWS\SYSTEM32\POWRPROF.dll
0x00007ffd2cdb0000 - 0x00007ffd2cdd7000 	C:\WINDOWS\SYSTEM32\WINMM.dll
0x00007ffd3c260000 - 0x00007ffd3c272000 	C:\WINDOWS\SYSTEM32\UMPDC.dll
0x00007ffd3acf0000 - 0x00007ffd3ad02000 	C:\WINDOWS\SYSTEM32\kernel.appcore.dll
0x00007ffd37c10000 - 0x00007ffd37c1a000 	C:\Program Files\Java\jdk-22\bin\jimage.dll
0x00007ffd31600000 - 0x00007ffd317e4000 	C:\WINDOWS\SYSTEM32\DBGHELP.DLL
0x00007ffd1e320000 - 0x00007ffd1e354000 	C:\WINDOWS\SYSTEM32\dbgcore.DLL
0x00007ffd3d3a0000 - 0x00007ffd3d422000 	C:\WINDOWS\System32\bcryptPrimitives.dll
0x00007ffd33200000 - 0x00007ffd3321e000 	C:\Program Files\Java\jdk-22\bin\java.dll
0x00007ffd3dd80000 - 0x00007ffd3e4ec000 	C:\WINDOWS\System32\SHELL32.dll
0x00007ffd3f620000 - 0x00007ffd3f74b000 	C:\WINDOWS\System32\ole32.dll
0x00007ffd3e7f0000 - 0x00007ffd3eb43000 	C:\WINDOWS\System32\combase.dll

dbghelp: loaded successfully - version: 4.0.5 - missing functions: none
symbol engine: initialized successfully - sym options: 0x614 - pdb path: .;C:\Program Files\Java\jdk-22\bin;C:\WINDOWS\SYSTEM32;C:\WINDOWS\WinSxS\amd64_microsoft.windows.common-controls_6595b64144ccf1df_6.0.19041.4355_none_60b8b9eb71f62e16;C:\Program Files\Java\jdk-22\bin\server

VM Arguments:
jvm_args: -Dnet.bytebuddy.agent.attacher.dump= 
java_command: net.bytebuddy.agent.Attacher com.sun.tools.attach.VirtualMachine 23772 C:\Users\cool_\.m2\repository\net\bytebuddy\byte-buddy-agent\1.14.16\byte-buddy-agent-1.14.16.jar false 
java_class_path (initial): C:\Users\cool_\.m2\repository\net\bytebuddy\byte-buddy-agent\1.14.16\byte-buddy-agent-1.14.16.jar
Launcher Type: SUN_STANDARD

[Global flags]
     intx CICompilerCount                          = 4                                         {product} {ergonomic}
     uint ConcGCThreads                            = 3                                         {product} {ergonomic}
     uint G1ConcRefinementThreads                  = 10                                        {product} {ergonomic}
   size_t G1HeapRegionSize                         = 2097152                                   {product} {ergonomic}
   size_t InitialHeapSize                          = 268435456                                 {product} {ergonomic}
   size_t MarkStackSize                            = 4194304                                   {product} {ergonomic}
   size_t MaxHeapSize                              = 4286578688                                {product} {ergonomic}
   size_t MinHeapDeltaBytes                        = 2097152                                   {product} {ergonomic}
   size_t MinHeapSize                              = 8388608                                   {product} {ergonomic}
    uintx NonNMethodCodeHeapSize                   = 5839372                                {pd product} {ergonomic}
    uintx NonProfiledCodeHeapSize                  = 122909434                              {pd product} {ergonomic}
    uintx ProfiledCodeHeapSize                     = 122909434                              {pd product} {ergonomic}
    uintx ReservedCodeCacheSize                    = 251658240                              {pd product} {ergonomic}
     bool SegmentedCodeCache                       = true                                      {product} {ergonomic}
   size_t SoftMaxHeapSize                          = 4286578688                             {manageable} {ergonomic}
     bool UseCompressedOops                        = true                           {product lp64_product} {ergonomic}
     bool UseG1GC                                  = true                                      {product} {ergonomic}
     bool UseLargePagesIndividualAllocation        = false                                  {pd product} {ergonomic}

Logging:
Log output configuration:
 #0: stdout all=warning uptime,level,tags foldmultilines=false
 #1: stderr all=off uptime,level,tags foldmultilines=false

Environment Variables:
JAVA_HOME=C:\Program Files\Java\jdk-22
CLASSPATH=%CLASSPATH%;C:\JUNIT\*;.;
PATH=C:\Program Files\Common Files\Oracle\Java\javapath;C:\Program Files (x86)\Common Files\Oracle\Java\java8path;C:\Program Files (x86)\Common Files\Oracle\Java\javapath;C:\Windows\system32;C:\Windows;C:\Windows\System32\Wbem;C:\Windows\System32\WindowsPowerShell\v1.0\;C:\Windows\System32\OpenSSH\;C:\WINDOWS\system32;C:\WINDOWS;C:\WINDOWS\System32\Wbem;C:\WINDOWS\System32\WindowsPowerShell\v1.0\;C:\WINDOWS\System32\OpenSSH\;C:\Program Files\Java\jdk-12.0.1\bin;C:\Program Files\NVIDIA Corporation\NVIDIA NvDLISR;C:\Program Files (x86)\NVIDIA Corporation\PhysX\Common;C:\WINDOWS\system32;C:\WINDOWS;C:\WINDOWS\System32\Wbem;C:\WINDOWS\System32\WindowsPowerShell\v1.0\;C:\WINDOWS\System32\OpenSSH\;C:\Program Files\Microsoft SQL Server\130\Tools\Binn\;C:\Program Files\Microsoft SQL Server\Client SDK\ODBC\170\Tools\Binn\;C:\Program Files\dotnet\;C:\Program Files\PuTTY\;C:\Program Files\Microsoft SQL Server\150\Tools\Binn\;C:\Program Files (x86)\Microsoft SQL Server\160\Tools\Binn\;C:\Program Files\Microsoft SQL Server\160\Tools\Binn\;C:\Program Files\Microsoft SQL Server\160\DTS\Binn\;C:\Program Files (x86)\Microsoft SQL Server\160\DTS\Binn\;C:\Program Files\Azure Data Studio\bin;C:\Program Files\nodejs\;C:\Users\cool_\Documents\apache-maven-3.9.6\bin;C:\Program Files\Git\cmd;C:\Users\cool_\AppData\Local\Programs\Python\Python310\Scripts\;C:\Users\cool_\AppData\Local\Programs\Python\Python310\;C:\Users\cool_\AppData\Local\Microsoft\WindowsApps;C:\Users\cool_\AppData\Local\Microsoft\WindowsApps;C:\Program Files\heroku\bin;C:\Users\cool_\.dotnet\tools;C:\Users\cool_\AppData\Local\Programs\Microsoft VS Code\bin;C:\Program Files\Azure Data Studio\bin;C:\Users\cool_\AppData\Roaming\npm;C:\Users\cool_\.dotnet\tools;C:\Program Files\JetBrains\IntelliJ IDEA Community Edition 2024.1\bin;
USERNAME=cool_
OS=Windows_NT
PROCESSOR_IDENTIFIER=Intel64 Family 6 Model 158 Stepping 10, GenuineIntel
TMP=C:\Users\cool_\AppData\Local\Temp
TEMP=C:\Users\cool_\AppData\Local\Temp




Periodic native trim disabled

---------------  S Y S T E M  ---------------

OS:
 Windows 10 , 64 bit Build 19041 (10.0.19041.3636)
OS uptime: 2 days 8:08 hours
Hyper-V role detected

CPU: total 12 (initial active 12) (6 cores per cpu, 2 threads per core) family 6 model 158 stepping 10 microcode 0xb4, cx8, cmov, fxsr, ht, mmx, 3dnowpref, sse, sse2, sse3, ssse3, sse4.1, sse4.2, popcnt, lzcnt, tsc, tscinvbit, avx, avx2, aes, erms, clmul, bmi1, bmi2, rtm, adx, fma, vzeroupper, clflush, clflushopt, hv, rdtscp, f16c
Processor Information for all 12 processors :
  Max Mhz: 3696, Current Mhz: 3696, Mhz Limit: 3696

Memory: 4k page, system-wide physical 16344M (1534M free)
TotalPageFile size 32344M (AvailPageFile size 76M)
current process WorkingSet (physical memory assigned to process): 12M, peak: 12M
current process commit charge ("private bytes"): 64M, peak: 320M

vm_info: Java HotSpot(TM) 64-Bit Server VM (22.0.1+8-16) for windows-amd64 JRE (22.0.1+8-16), built on 2024-03-12T10:33:16Z by "mach5one" with MS VC++ 17.6 (VS2022)

END.
